<?xml version="1.0" encoding="UTF-8"?>
<!-- Generated by org.testng.reporters.JUnitReportReporter -->
<testsuite hostname="Sandhiya" failures="0" tests="1" name="com.example.AppTest" time="32.085" errors="0" timestamp="2024-05-02T12:05:34 IST" skipped="0">
  <testcase classname="com.example.AppTest" name="test" time="32.085"/>
</testsuite> <!-- com.example.AppTest -->
